TN:
SF:src/application/usecases/AtualizarPontosUseCase.js
FN:2,(anonymous_0)
FN:6,(anonymous_1)
FNF:2
FNH:2
FNDA:3,(anonymous_0)
FNDA:3,(anonymous_1)
DA:3,3
DA:7,3
DA:8,3
DA:10,2
DA:11,2
DA:13,2
DA:14,1
DA:15,1
DA:18,2
DA:19,2
DA:23,1
LF:11
LH:11
BRDA:8,0,0,1
BRDA:8,0,1,2
BRDA:10,1,0,2
BRDA:10,1,1,0
BRDA:13,2,0,1
BRDA:13,2,1,1
BRF:6
BRH:5
end_of_record
TN:
SF:src/application/usecases/CadastrarClienteUseCase.js
FN:4,(anonymous_0)
FN:8,(anonymous_1)
FNF:2
FNH:2
FNDA:2,(anonymous_0)
FNDA:3,(anonymous_1)
DA:1,2
DA:5,2
DA:9,3
DA:12,3
DA:13,0
DA:17,3
DA:18,3
DA:19,3
DA:23,0
DA:29,0
DA:33,2
LF:11
LH:8
BRDA:12,0,0,0
BRDA:12,0,1,3
BRDA:12,1,0,3
BRDA:12,1,1,3
BRDA:12,1,2,3
BRDA:12,1,3,3
BRDA:18,2,0,3
BRDA:18,2,1,0
BRF:8
BRH:6
end_of_record
TN:
SF:src/application/usecases/ConsultarPontosUseCase.js
FN:4,(anonymous_0)
FN:7,(anonymous_1)
FNF:2
FNH:2
FNDA:3,(anonymous_0)
FNDA:3,(anonymous_1)
DA:1,1
DA:5,3
DA:8,3
DA:9,2
DA:10,2
DA:11,1
DA:15,1
LF:7
LH:7
BRDA:8,0,0,1
BRDA:8,0,1,2
BRDA:10,1,0,1
BRDA:10,1,1,1
BRF:4
BRH:4
end_of_record
TN:
SF:src/application/usecases/IdentificarClienteUseCase.js
FN:5,(anonymous_0)
FN:8,(anonymous_1)
FNF:2
FNH:2
FNDA:3,(anonymous_0)
FNDA:3,(anonymous_1)
DA:1,1
DA:2,1
DA:6,3
DA:9,3
DA:10,2
DA:11,2
DA:12,1
DA:16,1
LF:8
LH:8
BRDA:9,0,0,1
BRDA:9,0,1,2
BRDA:11,1,0,1
BRDA:11,1,1,1
BRF:4
BRH:4
end_of_record
